100
0.306897179567
0.221772806075
0.2457405319
0.368464682851
0.435141582018
0.198789554144
0.388185364475
0.269083347974
0.223597794324
0.148256133062
0.387997394951
0.272291654749
0.339530944293
0.99984355248
0.30822728363
0.33530649069
0.413876351404
0.206508478442
0.440391841783
0.412126850789
0.255685788814
0.410486207854
0.519281662492
0.181983967644
0.27377090207
0.286720084494
0.268118288319
0.632149536166
0.145575067435
0.226684278919
0.207998867099
0.294192213233
0.167468440806
0.630073805682
0.37771924332
0.461630613738
0.231559765172
0.766675692808
0.681869847051
0.330270191382
0.48764365231
0.259119322795
0.192441201445
0.325778020576
0.282756642964
0.522684269216
0.189102113142
0.32136153682
0.286330396704
0.233254770281
0.231593502914
0.163983395903
0.919538873106
0.912791528541
0.796965097264
0.147804777145
0.551856854091
0.19687414181
0.264651269793
0.429703125122
0.400114216054
0.288317481459
0.355322764575
0.478662952476
0.597520989138
0.168896128629
0.76435970989
0.17929115575
0.407910481405
0.298558445235
0.931339768474
0.197608103315
0.206108873755
0.314991751353
0.239643631809
0.274887125923
0.352775120914
0.369289587399
0.353733157362
0.201715536559
0.433924606239
0.678859080543
0.668357516188
0.899664351291
0.161558777707
0.256933003225
0.202429225203
0.194524085877
0.322582471867
0.601829080707
0.292979772671
0.312076255164
0.5287800782
0.614165803436
0.328665663351
0.917818341734
0.734034009622
0.255253318785
0.254609857039
0.365049129528
