100
0.267395076182
0.299970480116
0.281614589467
0.601138426779
0.548124066406
0.254895407897
0.902173938998
0.272258567266
0.254121244317
0.155151552879
0.440325279663
0.334325684529
0.261004553927
0.811990325708
0.250854916932
0.322837472476
0.338566400595
0.189435235088
0.396278467633
0.405787896588
0.309011242532
0.256442191903
0.447812856524
0.189270517564
0.548006543961
0.252192074065
0.270625959913
0.165772208304
0.800254150912
0.267989074314
0.20456671224
0.318630362105
0.188442352236
0.282308251031
0.354176242085
0.545723164458
0.288009220063
0.81369876516
0.363317415786
0.294380543319
0.478873971761
0.226150374885
0.228301136809
0.313779584802
0.297432613483
0.459109727036
0.22901971353
0.146187184747
0.4189390349
0.262005955713
0.173159200222
0.242663568613
0.955651889239
0.965803076635
0.820453086032
0.299099199318
0.644782267767
0.242834978161
0.225636367033
0.591106538456
0.963324556612
0.331449390323
0.285289802319
0.53948586849
0.81128803431
0.245540547077
0.820058227394
0.178222690126
0.923433209261
0.240167103923
0.433411812156
0.770461585266
0.99470478392
0.325336527145
0.402236434691
0.300428513645
0.28771863648
0.480990138465
0.378552492458
0.205312916951
0.548071910053
1.0
0.945298500544
1.0
0.884169925587
0.292042177169
0.202478197767
0.207277538115
0.396416883982
0.251685951877
0.555005170352
0.838849571042
0.427818384028
0.539992421485
0.632929476991
0.824477809429
0.807650624277
0.997404007439
0.242893537475
1.0
