1000
0.310136124724
0.230566860394
0.290244165757
0.368785328025
0.490078517233
0.222205185369
0.354264497963
0.277030652546
0.223961711421
0.145648763428
0.385396079345
0.26590295907
0.340622886578
0.968741519542
0.306903541365
0.332582666958
0.407869879568
0.204011947288
0.431190174718
0.420053635424
0.254925309775
0.40654267793
0.520975517353
0.184062024057
0.315444300024
0.285331629452
0.265583273356
0.641427990661
0.146391557671
0.230310742204
0.219173714423
0.306955047592
0.169489295897
0.630263596728
0.377596701823
0.454359724396
0.256035059327
0.816317903747
0.763717360912
0.32416452579
0.484919596511
0.259607473228
0.186882239165
0.323686639362
0.283006466364
0.523218384712
0.189288996
0.319684894464
0.275056243367
0.233146433439
0.226931866161
0.165512822459
0.88447451966
0.868506637974
0.796090455019
0.138247137204
0.873673253228
0.196464088595
0.26461634998
0.422923875049
0.415705074946
0.291322523883
0.356589871321
0.478574585241
0.682380263725
0.172391081317
0.729530150515
0.178991750491
0.495184834768
0.300738036756
0.729702603318
0.203885661812
0.206216989557
0.327871136539
0.261104880638
0.275268591696
0.353911130576
0.369399982513
0.37240448198
0.202563396354
0.425487852852
0.529901292415
0.634938375803
0.898016457576
0.176173585196
0.266251898306
0.213315317918
0.197507772966
0.319588620827
0.590982030338
0.311438418871
0.347311073315
0.522049051923
0.606681993544
0.329494684463
0.913370800737
0.7337739594
0.381514626523
0.249416097467
0.355030741437
0.229115900329
0.756838464408
0.241393474794
0.615134836877
0.645648863638
0.153940124357
0.603800829455
0.261286328247
0.275023911727
0.466048233942
0.340782432436
0.205913174819
0.597507438316
0.661025939025
0.207475882251
0.291990762994
0.297609954383
NaN
0.163487835301
0.519580955038
0.245886616056
0.163792728702
0.270780552468
0.241396279789
0.514494770156
0.378637245033
0.433492518182
0.473087272073
0.385534277991
0.804471013416
0.309856482851
0.646972732473
0.248295625572
0.193678090122
0.318560841037
0.344002247909
0.820559123623
0.409342204804
0.653286113399
0.938315275027
0.13903637079
0.209867646986
0.151961519872
0.223446130755
0.282837256654
0.510202394624
0.494751237685
0.389344506316
NaN
0.747059609104
0.379737520924
0.356709520024
0.275507486715
0.452153206295
0.389702084363
0.259338771566
0.210630039389
0.198841024509
0.446668439273
0.869222233714
1.0
0.403372478513
0.359244440424
0.988257233145
0.371419897835
0.565297124232
0.619471792566
0.207452791883
0.199848246614
0.411862427161
0.206258139984
0.434210448424
0.801616855416
0.146991455359
NaN
1.0
0.939498343348
0.193356174559
0.301859802179
0.319597829879
0.234967866614
0.27760281008
0.288070363443
0.274244783466
0.265600115076
0.20094901268
0.461930617255
0.190156502443
0.229900682541
0.27860427062
0.253733410313
0.280683765778
0.294456695379
0.245741958519
0.535042686195
0.370092984606
0.199408521876
0.167308785059
0.198683361969
0.281794515783
0.256473112839
0.363211941826
0.499775234663
0.16167909605
0.345486139199
0.271592619217
0.377960523786
0.278161542716
0.228268300338
0.29437639428
0.386516852286
0.635950261486
0.416929950273
0.171876016584
0.218109984729
0.250303825002
0.239446504117
0.28788426972
0.592976395852
0.197513679402
0.190760948524
0.293374975593
0.20710626839
0.532573766654
0.249309661949
0.228193603227
0.364090510756
0.135778926098
0.781681390843
0.375889518915
0.618578663063
0.358138888161
0.241682745286
0.212051159513
0.254864393716
0.407091116987
0.208108310444
0.208061764062
0.233780923817
0.240706526526
0.396390510541
0.244023900475
0.252894365933
0.200633548712
0.239183087061
0.446738437781
0.253633687204
0.83452781988
0.302068260298
0.220843798958
0.344885414915
0.268760804309
0.174261318498
0.189113919285
0.2242080442
0.442631951971
0.22412653752
0.199464383128
0.422268437542
0.293693170779
0.693869884843
0.212949931531
0.187151095325
0.194865417406
0.258622300276
0.295026293196
0.277703749049
0.295912687975
0.356425501843
0.394753826927
0.235654758068
0.1563184152
0.269897776984
0.337613668325
0.551450247257
0.226472166316
0.516150978011
0.264283655595
0.379914952617
0.242516848101
0.355569811836
0.495671474166
0.542823738386
0.304652749709
0.7591522086
0.222980879154
0.485722510357
0.410589033345
0.168858658312
0.745737977889
0.398906469924
0.383557137701
0.246579324985
0.235893656727
0.180204663565
0.154829766923
0.427234897524
0.228173731385
0.376869182629
0.187395330597
0.196445142839
0.212880602314
0.369776425716
0.56392144582
0.856897293684
0.272639931458
0.255428542704
0.157524404067
0.325603351296
0.304087807295
0.27714625178
0.270222444191
0.673494431517
0.254108799096
0.234666822221
0.248285174687
0.257475021456
0.160747468809
0.459511347382
0.266454467545
0.150721901336
0.31553547363
0.231408498118
0.852249223271
0.449594893443
0.22104848264
0.173967103204
0.17966927709
0.531215733243
0.171220789068
0.246059330212
0.405383660246
0.223931507975
0.240870355997
0.748247688917
0.651282202138
0.311587166155
0.169213911558
0.170349483777
0.172277711417
0.219210676626
0.242616180321
0.677255957369
0.248844295644
0.182463641138
0.249467742873
0.217750130528
0.285230216021
0.239279489644
0.270970057027
0.178311113512
0.811524309024
0.203597183775
0.296925645555
0.670798994779
0.163691269641
0.285409930987
0.309331303905
0.276472273471
0.507016836898
0.17628297073
0.670033696871
0.223776867389
0.341553980404
0.633759644562
0.161855591137
0.527687665287
0.206604030059
0.251108882226
0.20129808053
0.208102994434
0.3310931582
0.238732506904
0.395390303053
0.27825418758
0.145461177313
0.945026378078
0.365101817735
0.288417452957
0.225466580132
0.271600324316
0.280768594755
0.19171979343
0.492230223212
0.581707499489
0.212053836403
0.322018490571
0.371209978705
0.296198918649
0.262985861061
0.218803232607
0.140378262876
0.247390033511
0.224967989252
0.202422846885
0.200159940016
0.88993406335
0.684155213152
0.257770940439
0.213975824769
0.278539159264
0.228070464602
0.214568276366
0.451696476992
0.205813092898
0.193433330038
0.250716565872
0.362956297603
0.515932693164
0.305746867469
0.150381533197
0.179369167035
0.473933463392
0.164102599984
0.191443398306
0.235184497394
0.259943735116
0.265008508264
0.314599536514
0.381582899461
0.339959001969
0.224722123675
0.202431401465
0.32068179189
0.764126462665
0.375783651015
0.236312581122
0.266670892158
0.302140111206
0.248828442287
0.315903540361
0.259291026628
0.323636666522
0.279807029179
0.139940566426
0.209085417188
0.362014273404
0.207803877631
0.18411392096
0.221964339322
0.23163834638
0.197581278388
0.536328054201
0.314783289276
0.22621879023
0.505571871192
0.273138785646
0.198030110257
0.279067868081
0.523586748118
0.996790189049
0.323095715861
0.204237639964
0.239516444148
0.388198386272
0.197681106148
0.573719728194
0.249242326228
0.249663220291
0.279036149038
0.211656905112
0.148230729485
0.231665502457
0.156631176599
0.330723440798
0.251694521572
0.165774152049
0.240826609174
0.359854293808
0.257621634108
0.263132709613
0.259577045353
0.2819252107
0.269758001254
0.247860735176
0.291490552175
0.573049112046
0.232022785048
0.245385648015
0.245272253532
0.191565881517
0.217395588525
0.169774154946
0.195857971351
0.194176335437
0.285973510503
0.143485427947
0.121252382032
0.460102859672
0.381975390992
0.269800333004
0.358505862644
0.592576237001
0.232140156125
0.254210566118
0.701661211194
0.220778724545
0.280883031981
0.584314560681
0.157490874864
0.53988804692
0.382226786565
0.199048766897
0.249696269725
0.168227253174
0.341700715521
0.163243198116
0.514407070696
0.299149150874
0.988083710896
0.190839192339
0.494285727863
0.177617885718
0.211884517585
0.213243808706
0.548916951089
0.560706150482
0.327013831217
0.226547516713
0.220723514659
0.291070530727
0.622370888559
0.660405186695
0.235909215623
0.285931378534
0.309470477127
0.615496758194
0.305401872086
0.257422518108
0.443983204012
0.235147042227
0.189458275014
0.410568357798
0.247538216406
0.206960550459
0.258911631274
0.24878111295
0.477019402363
0.252443505686
0.205205177343
0.249748460456
0.257841547174
0.316377358803
0.227421015795
0.171495132414
0.320293447228
0.21012063992
0.460876283048
0.223518381742
0.180509636099
0.260168960705
0.872712170364
0.340993233376
0.321570187216
0.245133709855
0.544330307098
0.217504968437
0.583166872776
0.434597584931
0.411920065574
0.463686799299
0.600487460847
0.246961121087
0.322429909204
0.189471546469
0.280468460767
0.249595229771
0.536307169428
0.261623578855
0.960847476322
0.460258596419
0.339785521892
0.237126019053
0.256128139889
0.306545329261
0.545780662296
0.174247727592
0.198932484696
0.234832351982
0.178994432355
0.38326558837
0.164138936726
0.186184017895
0.185678737127
0.336131107163
0.212096890108
0.219557327278
0.247327389196
0.479118856815
0.262381310813
0.1702771959
0.231270265219
0.193644777965
0.2494644581
0.394725750819
0.288365263097
0.238394774045
0.194332977824
0.310973477218
0.22078135255
0.220498654264
0.28961183886
0.763856856826
0.19379690009
0.257100170474
0.254700505375
0.984863974055
0.230420458214
0.165078937997
0.268547234433
0.513457727736
0.342125463996
0.327870182031
0.196373426956
0.240732045666
0.399023986498
0.205746468034
0.495648660741
0.249445007738
0.265554315681
0.53074949127
0.15830584513
0.176327348588
0.201817192782
0.167295574947
0.680336588058
0.305790857771
0.44510414582
0.258941716549
0.561473226069
0.418496233032
0.19686884302
0.326873327614
0.442347307519
0.214239170687
0.72643421826
0.24166807407
0.239885883254
0.641390351839
0.20293833187
0.18574406237
0.306076593074
0.285036517889
0.390800699805
0.321310708375
0.335236618294
0.264707826251
0.322349263992
0.316077708858
0.765157579284
0.250855528539
0.217620181186
0.347158178859
0.339532811765
0.281277923451
0.276352689248
0.232563918818
0.214924753793
0.183887818005
0.202461318031
0.290589866844
0.212684688313
0.625253043707
0.398470899153
0.269556566914
0.309117378481
0.271401644288
0.268514200034
0.278892712688
0.484559384961
0.211805617707
0.800568414541
0.289568595695
0.243403511378
0.212834942476
0.152512014109
0.163448290185
0.529347305166
0.173848867985
0.190397766437
0.268661338709
0.161812075666
0.271886936651
0.197816080979
0.55840191957
0.611530173264
0.196052829721
0.311589231989
0.664567496487
0.205425507907
0.587656646296
0.214687157933
0.295213526723
0.263445331708
0.25232497628
0.310526890569
0.290159690949
0.589034940628
0.343877717724
0.159175577968
0.209135685066
0.568998372515
0.17568014737
0.353834559082
0.23709743636
0.223466655973
0.181919875987
0.240123005623
0.197378179695
0.263331869294
0.273601138834
0.188750354411
0.254479648756
0.24930917218
0.269372582482
0.316911472648
0.202769957772
0.353243473039
0.411165383675
0.867355220385
0.515867265749
0.237539111081
0.368682855986
0.217639283129
0.348920595356
0.3878314514
0.329088667933
0.376075871043
0.671848543093
0.413011932621
0.217833104573
0.67699940885
0.266831725267
0.24719009139
0.260849165513
0.190331576478
0.175683914742
0.272541653342
0.263567542386
0.17371556782
0.205932864443
0.291607158741
0.331644078379
0.222920845149
0.16565642201
0.223543527548
0.697319259899
0.862825056027
0.474779369641
0.157417987483
0.294417750956
0.201174066095
0.156722300396
0.257475452934
0.340301631751
0.181764308006
0.218693000331
0.59387017143
0.313856504218
0.197996849852
0.270136959375
0.19493023234
0.310798013572
0.178872166348
0.20496621432
0.221687344218
0.567459735505
0.219176862884
0.229523924707
0.188954057787
0.190342384457
0.254204012966
0.413427459498
0.366020698184
0.24139546961
0.235732845859
0.214034216075
0.197136467303
0.21229007908
0.215560246859
0.206946234509
0.275693172044
0.491198760662
0.181647859909
0.214652554525
0.213060063952
0.377029697392
0.24124890653
0.202120024043
0.341407431612
0.273031238352
0.171584242318
0.20448895286
0.208377822787
0.212581082164
0.24971120441
0.134611530572
0.167681297206
0.662610929971
0.259983325438
0.219749366489
0.298573611369
0.217232643096
0.261347851567
0.265204045759
0.163821685412
0.192055365433
0.262105261392
0.264859706061
0.223953528193
0.501829976711
0.219204245673
0.251471653712
0.783874541119
0.270061112908
0.196987450461
0.228077559289
0.244318292614
0.282942223282
0.24581025686
0.177183903116
0.321605778929
0.512535699695
0.329405531757
0.283568833844
0.222001898529
0.31262015024
0.226674265752
0.243404473689
0.212739481332
0.453773040583
0.224443093803
0.26510059528
0.28412038487
0.981001841344
0.281566516499
0.715050696465
0.277242255385
0.255179194797
0.204912184361
0.248094142906
0.212784563786
0.306745635178
0.836033487481
0.19330487613
0.415430087832
0.229771904976
0.212367609963
0.320590306392
0.377242593619
0.225270997885
0.346294679328
0.383791015629
0.407043041349
0.234175817516
0.390772982525
0.173035167506
0.224842069864
0.211766417882
0.230280648376
0.209559784568
0.274526209175
0.743297307285
0.231058179154
0.895731832122
0.429521699479
0.179306511697
0.804333420987
0.502236444314
0.270316388979
0.206147143671
0.208099519154
0.298062637206
0.291964850848
0.172735030429
0.231384310765
0.206369963552
0.182584401038
0.502665348783
0.245789404284
0.220879372116
0.428054812532
0.309207863973
0.216546185612
0.44556992995
0.270758067454
0.295886125286
0.28395139305
0.724516687759
0.450454119496
0.424299227999
0.200882306027
0.212039979708
0.197603940261
0.163431790146
0.229538445709
0.27174865888
0.163833590219
0.211433047747
0.218611330059
0.686371534384
0.505672891218
0.319409770641
0.294361894361
0.22622585933
0.157288584026
0.346255824286
0.237537380448
0.23582271169
0.433303582781
0.562346083612
0.15950537403
0.294102618181
0.355508939624
0.529367926897
0.796088083396
0.224549211116
0.223470897579
0.326599413019
0.236863169273
0.229182678995
0.127850713067
0.214224775951
0.197479723608
0.299783181487
0.305191806883
0.175744178399
0.586753487208
0.228145864435
0.174178437198
0.261701991417
0.26861895681
0.135365582613
0.225671929872
0.155469547018
0.378795116101
0.337361782206
0.632558089463
0.19604559118
0.259672904918
0.324137884371
0.520332631069
0.263395612171
0.463644498354
0.305634954279
0.305998449005
0.21734916049
0.219643552057
0.405254291442
0.310932760114
0.943291123887
0.303550974345
0.28314090791
0.16407389085
0.240596586568
0.273473873773
0.524794032737
0.211267788107
0.184896890762
0.195787459956
0.565811963247
0.728290785329
0.190237152838
0.200230347647
0.236274210975
0.988854483293
0.158651932523
0.271091344616
0.376379290384
0.38438026375
0.591242983533
0.863945447495
0.274266181464
0.200409159336
0.301866693275
0.320084718389
0.769638856041
0.418013554645
0.210860828033
0.674710418804
0.40261559561
0.253950387709
0.172088035316
0.244667150725
0.590373999564
0.171795544732
0.463409037365
0.248336249543
0.206343954991
0.158314035603
0.562892179682
0.261980106928
0.297410364648
0.825673929786
0.181972147887
0.130340942202
0.38926442554
0.260688270555
0.255671148528
0.228046543892
