1000
0.309129248674
0.221101812521
0.2450443599
0.369462537749
0.33847553763
0.214716837128
0.402935332287
0.27204757909
0.225232908046
0.147597514336
0.388234373697
0.272407928055
0.339649036708
0.994228325573
0.310107336086
0.341630165699
0.412902615177
0.205786147208
0.442020474004
0.421184310821
0.255768245146
0.408024702592
0.519101577881
0.182361968625
0.309934288427
0.288458908755
0.253946901039
0.632646686491
0.145250594073
0.228034604189
0.209885177116
0.301507895727
0.167743807668
0.629716405001
0.385538014752
0.47663470694
0.231901440555
0.802309829999
0.546936420332
0.334704236383
0.495376852357
0.267530205666
0.180575034911
0.326790078437
0.283153461224
0.52347545572
0.190138053244
0.322022231515
0.291176641391
0.23354449731
0.22852140532
0.164711844735
0.926188494051
0.91031171242
0.798982171033
0.140196721446
0.556446214434
0.194113553174
0.264965206989
0.428557996925
0.427857824868
0.289287497068
0.357657919844
0.47722405131
0.621515774199
0.171672888472
0.859893537917
0.181721755767
0.592128912126
0.29950238671
0.962559276513
0.196422164883
0.201259667131
0.330121992334
0.234769143131
0.281003145127
0.349700676801
0.36933307897
0.305690282937
0.203978192447
0.434649715742
0.549131389101
0.592643468556
0.836749714809
0.161603745642
0.263233739779
0.202732240341
0.193222012439
0.322770016889
0.609082694087
0.280114769984
0.31720178125
0.532793615569
0.61572114101
0.33234285569
0.920695401726
0.734396605262
0.266238731362
0.256979174555
0.355612056764
0.214372167731
0.706002309543
0.244590040153
0.619195368578
0.658097326107
0.143067588508
0.606393778042
0.268772149405
0.271990083916
0.467560884309
0.344911941754
0.185589078019
0.581129003395
0.66432740125
0.206292042843
0.292015338164
0.252640385129
NaN
0.165757924877
0.517219854632
0.242513987199
0.166124340732
0.266511630016
0.239541777637
0.510111302797
0.381123382723
0.437450790978
0.50205126669
0.343607555141
0.770059123489
0.312984382528
0.641144648229
0.265452408572
0.190623103022
0.330872890547
0.340778571955
0.848656231603
0.40727369301
0.652843722066
0.967677494595
0.135677889084
0.235415481499
0.151260932383
0.226697986136
0.243694485623
0.512425781909
0.487413449954
0.389633293003
NaN
0.408603223156
0.372698489532
0.277740071772
0.215024525609
0.241227046012
0.396713299703
0.261736854502
0.196871710597
0.192072501999
0.446656800422
0.758081791194
1.0
0.412787424417
0.3981959519
1.0
0.375654301207
0.312259214411
0.613087848202
0.220034036021
0.201768212267
0.405087027197
0.204893902591
0.418829058084
0.954434514333
0.14425279146
NaN
1.0
0.911824588934
0.190405769901
0.307542958423
0.331133795182
0.23173087221
0.275515940588
0.288294874897
0.275596666955
0.266975393711
0.205700518286
0.4559571012
0.194356564838
0.233069938278
0.276406122715
0.251114666748
0.278086653413
0.293658829066
0.239118737882
0.537730542856
0.370728185078
0.182690703319
0.16782098474
0.188031127326
0.278606905598
0.260252334074
0.363227955008
0.511370818617
0.152876553732
0.341387904946
0.284619779094
0.382136657652
0.279913970959
0.226327952685
0.296102138719
0.383740090983
0.640910160861
0.379443162948
0.169675571358
0.21872021134
0.247968386354
0.236211308706
0.304255842922
0.590925685425
0.221262498602
0.187956399221
0.292455072744
0.207034438771
0.531649488049
0.244600856332
0.234556058106
0.365160285489
0.137461612687
0.797861941486
0.376644782231
0.617735775779
0.361363108226
0.239942867916
0.209427932237
0.260805113846
0.400981698788
0.19987270081
0.196249064707
0.232283577211
0.241948305612
0.393680258228
0.244141825757
0.249820495601
0.197424504481
0.239913980644
0.452854928601
0.253653440153
0.842942862533
0.301534917548
0.219929375916
0.345366532852
0.26871916975
0.173827200501
0.190031607096
0.223505636157
0.439034642602
0.225884239916
0.196934014335
0.424908234091
0.273697393316
0.668783378926
0.204566948075
0.185480203053
0.182418120849
0.252004772139
0.291168957421
0.271040889782
0.297227586344
0.358822227231
0.397299335195
0.234190310423
0.158411930387
0.265302928063
0.335901546895
0.559508064587
0.219539346088
0.488712272432
0.257936809992
0.379846536248
0.247776005647
0.359038233608
0.51884314202
0.544524709119
0.305091518158
0.759563122551
0.222998954324
0.51879863093
0.411141366417
0.165265845325
0.613123671156
0.363937913504
0.38222377822
0.25664916654
0.235710254952
0.184969331378
0.152988274711
0.292265452888
0.227630333165
0.379070796841
0.187943301764
0.188773176134
0.198794077754
0.359655649255
0.565393589633
0.72034493223
0.257053239261
0.259672318104
0.153714005818
0.339217974732
0.305465211792
0.262551330495
0.271570272705
0.675964686227
0.254678289052
0.23264727342
0.222788812651
0.256780426119
0.161130348246
0.457180003691
0.266263476014
0.14555505498
0.296572662017
0.230449766838
0.797851460026
0.44976102828
0.221140433833
0.173593499494
0.179753403642
0.529184459455
0.169147682155
0.249904727935
0.408214124714
0.21999317171
0.24851352544
0.732533102641
0.649785365856
0.312568473543
0.166867068409
0.171650611429
0.168708530872
0.224535319962
0.229553166039
0.676584057032
0.253664328381
0.180955621278
0.264223988913
0.22546013952
0.287780987442
0.239135794925
0.270968807381
0.158049686975
0.802222202405
0.203215466814
0.295957844164
0.671916533321
0.161665764332
0.287309284026
0.309008724417
0.277040407818
0.495494768031
0.174548942003
0.670226946185
0.224140674141
0.351308187838
0.463239925197
0.155810132673
0.528519482616
0.203962485271
0.252551482636
0.202249721168
0.208996743615
0.33120153909
0.237459482315
0.397129052072
0.277585938008
0.144865963044
1.0
0.36627332751
0.288989577251
0.235951170388
0.271568944201
0.280416750186
0.192120587245
0.490383579722
0.692018420454
0.21472208755
0.320743389003
0.348359808578
0.235139383947
0.263870215817
0.218681402922
0.140479413699
0.246995101838
0.22016600164
0.192240103767
0.202076788122
0.889879576823
0.684628791621
0.255552153501
0.215364122339
0.274875344537
0.225426273384
0.212969520738
0.451749946943
0.206279747659
0.188048640545
0.249925376967
0.363879830218
0.517133682831
0.302249901519
0.151356739873
0.180955955699
0.516640876966
0.166505500355
0.194260029207
0.235670639227
0.258506914898
0.263401745999
0.304291125055
0.390481600578
0.345439420977
0.216269971696
0.201705387273
0.277845787521
0.770158896777
0.379830131027
0.234156992118
0.266530000798
0.30176969105
0.237355866879
0.317008839718
0.260607151754
0.321470374062
0.280528787242
0.141232928679
0.215068287726
0.362863113066
0.217643605986
0.183596335218
0.217143863294
0.227492710999
0.19550015656
0.452541930337
0.315332018154
0.226448195829
0.506394793388
0.272309042215
0.197000450383
0.280021623972
0.532225970418
1.0
0.327929642182
0.205082608509
0.239847238757
0.393928351025
0.199648349151
0.573549643048
0.248323197428
0.239223913309
0.276513226175
0.208779297569
0.14538645738
0.23093032116
0.155033126842
0.334837756678
0.253920344164
0.1691607043
0.240571277379
0.361514741504
0.255773776795
0.254073770115
0.260620210626
0.283083902337
0.270981631326
0.246210558093
0.288292933883
0.571389280326
0.230998741295
0.244419962053
0.246076577176
0.192302404835
0.218991829726
0.168870118831
0.19695135082
0.188114730246
0.265585432489
0.142693719937
0.111989507682
0.485637629024
0.341023724218
0.245790831546
0.354451450591
0.589776951277
0.232185974441
0.255342873253
0.604850996654
0.219457982602
0.284444426534
0.579301444384
0.157973450954
0.555035146977
0.392043584047
0.198122267027
0.260654371674
0.166563904252
0.334514881455
0.162043261185
0.516871039394
0.231696869215
0.986940429394
0.191790249988
0.522207900181
0.172892316772
0.211262100839
0.214360084823
0.600520160103
0.52078637057
0.3211193724
0.219042419015
0.221747493067
0.293626836718
0.600921133615
0.659391302813
0.234711485738
0.284345431691
0.30615113114
0.612533603371
0.300535858325
0.225947005973
0.269559219991
0.234130782326
0.189672464505
0.388956342301
0.247562259747
0.202616893221
0.250953689706
0.248039955799
0.494990434171
0.242970584764
0.20375433895
0.250180987028
0.256916451027
0.323229917605
0.22549779633
0.167795258267
0.202882457148
0.213367164434
0.463068858516
0.211346624377
0.165833295027
0.254452664502
0.855970370296
0.295886891978
0.300204239887
0.24446788457
0.546878404985
0.218172326368
0.559592304722
0.432519375861
0.414032289824
0.464993412751
0.593434375758
0.24574489592
0.321318460604
0.179085449957
0.28151665834
0.254537510224
0.551345965589
0.250322859343
1.0
0.459328831346
0.327943402345
0.237535068795
0.25278232046
0.308090962108
0.52555675392
0.175246099116
0.204854569557
0.231970625478
0.187003089039
0.38691910603
0.155587781386
0.17991185006
0.184708577553
0.340395654754
0.163023131661
0.230233048341
0.238541374539
0.478276593062
0.265482093845
0.171255244319
0.237033868642
0.192600675587
0.256802730443
0.393262694174
0.282247916874
0.239119484115
0.190846335284
0.314201669851
0.214879124126
0.22063792313
0.289978913605
0.732943127197
0.192865524308
0.257786110874
0.248767974164
1.0
0.243065564428
0.166701955567
0.269328975111
0.508642480878
0.302758531677
0.316192895928
0.194515037841
0.240883002327
0.404019026297
0.205331951442
0.492497539367
0.248594409922
0.262637481302
0.52844837175
0.159384551707
0.180637188506
0.202057958368
0.158098123691
0.336140146914
0.263933964637
0.443994602893
0.264274079049
0.559503010284
0.412472926758
0.206887840916
0.328285212487
0.442352423406
0.214634949595
0.717258290646
0.237814375007
0.211576425504
0.644472065007
0.203059509114
0.180712798714
0.304137076634
0.272484978686
0.394668804958
0.3239478998
0.330327346202
0.261005698903
0.327870596627
0.318991883137
0.762069491706
0.250613202513
0.215450758895
0.351907615011
0.336898573818
0.280947086158
0.275805683359
0.230783857157
0.211069293485
0.184747344919
0.203444175787
0.286807539678
0.217499289611
0.63545369029
0.393045087997
0.242295114655
0.311822762181
0.264549321088
0.269880153371
0.292790569756
0.319549823311
0.202358874738
0.798595372556
0.289096780045
0.245011384994
0.212025676332
0.150109806677
0.162687548303
0.530924752502
0.175138982808
0.174614869213
0.270541721239
0.162597369439
0.267565701817
0.196469894799
0.334330123857
0.606029428223
0.187002022216
0.30878114928
0.656445920648
0.210163198618
0.557548226265
0.212717490365
0.292950505812
0.265275341176
0.25439764351
0.290742848213
0.317146672183
0.558716813618
0.343108734442
0.159463053509
0.201420318249
0.570986490205
0.170790931874
0.353244224274
0.237047896149
0.222228375021
0.182689915756
0.239943226681
0.198933731911
0.262540430555
0.254866252034
0.185040780283
0.254932265083
0.262940848544
0.23972588211
0.31145418781
0.202023892726
0.357760240346
0.414692123322
0.864287459872
0.519793522123
0.226162646468
0.36960345093
0.218060784548
0.343851176733
0.387595631636
0.331543243177
0.378569871832
0.669827850135
0.411068840392
0.212014386691
0.671136674355
0.270372242279
0.213409082555
0.26478804246
0.187827168083
0.176482073853
0.274556615825
0.26550505185
0.172495336021
0.201635025082
0.309450940492
0.332190981328
0.222720577032
0.16056749483
0.221227175199
0.694050754825
0.863411810544
0.443506200301
0.155319363773
0.295371382512
0.19634194673
0.153781616479
0.253077429041
0.353789442744
0.178949908988
0.22110064424
0.622662404431
0.272891444126
0.187625258784
0.273296949114
0.196763392019
0.307637525269
0.176395276579
0.20256420306
0.221600992422
0.574919370272
0.220898654077
0.229534605614
0.191444619673
0.185271740795
0.249645969279
0.40634289097
0.363723477252
0.233879580293
0.23160450687
0.212705652657
0.193506466343
0.229002921189
0.214279047449
0.206068814972
0.258084554944
0.492328669367
0.179493655306
0.218131951618
0.213129547727
0.37126540311
0.237252130484
0.203865865087
0.331968375298
0.268890373122
0.16948395784
0.200483018791
0.203402141855
0.183850926572
0.247168469174
0.131578166847
0.167458831423
0.678929134224
0.255652491341
0.220395031528
0.246524083972
0.214651040187
0.263871417345
0.263960916911
0.187632041957
0.194301565384
0.261377152777
0.260504507677
0.211592326223
0.505142171664
0.226199179021
0.249978922007
0.821591308434
0.271407420956
0.194549494436
0.25974566535
0.243209375499
0.272164213591
0.243476894436
0.179805398412
0.321779820953
0.507931896937
0.329816768489
0.253870087067
0.221034364941
0.312975218859
0.203489489047
0.247300149159
0.21199249153
0.454699746376
0.222282573929
0.267626736737
0.283516438086
0.971201414901
0.28044626751
0.631144591114
0.277815976951
0.254007021067
0.206098225973
0.246778113162
0.202758352972
0.304511564614
0.630619699393
0.191261755952
0.425250617579
0.225926249815
0.217903500073
0.319714203844
0.376552548854
0.221238822814
0.343210985601
0.382294560786
0.387949522843
0.233336899238
0.421269137219
0.17372821216
0.229368557018
0.201010366883
0.229704800766
0.212377040366
0.274970648411
0.761439391391
0.22489816527
0.895999707155
0.248758974602
0.176874996305
0.795187682543
0.351891780729
0.268034233386
0.203098081736
0.204854500696
0.29547203035
0.286521076053
0.173342669847
0.229196197729
0.206902908202
0.16768666905
0.504902801259
0.2445004147
0.21469832719
0.439820251673
0.309571283522
0.217051018073
0.461741564197
0.273064495894
0.295590844575
0.291036758135
0.726756853874
0.449959130349
0.430704812449
0.198357240649
0.210605741501
0.198069505163
0.163084206994
0.231396036428
0.270939581915
0.164781387246
0.20785602208
0.219159919194
0.692643522855
0.50573930574
0.316220513904
0.298227115065
0.226191879724
0.158112945569
0.336455694874
0.234659315343
0.240299934733
0.427274939684
0.562689949923
0.156663107444
0.291810009499
0.358477777048
0.534743001936
0.780503815451
0.227713304296
0.222502304766
0.325893788386
0.21746898577
0.231152744873
0.122426809234
0.211382862883
0.194122706842
0.291599917727
0.305854836669
0.155893152407
0.589210071565
0.228490792346
0.174652947852
0.268147821755
0.274593914213
0.131935321664
0.222379991134
0.153727066962
0.388013348613
0.333628457511
0.480021885595
0.203451984225
0.266670681536
0.324244223863
0.520623645147
0.261276262083
0.463172706818
0.304463567456
0.30321998107
0.213032151138
0.215636428857
0.40214087461
0.309273480489
0.893752359307
0.347488634055
0.2733154324
0.157514693055
0.241344608309
0.266281524791
0.54391024975
0.2108148779
0.181475047112
0.188635352094
0.563950916747
0.728763944507
0.186352626331
0.201414932016
0.23671310673
0.988143562278
0.152875248657
0.268654274452
0.375308696884
0.381721167544
0.590160021748
0.846621969367
0.279900377622
0.200918719373
0.280443316419
0.318946196986
0.771013749992
0.413203778826
0.207785392052
0.658529167508
0.406735240369
0.258855121874
0.176486796024
0.242972749068
0.594598923733
0.171497999622
0.33707755864
0.249139774442
0.205195291947
0.155099381968
0.640450065668
0.261475564024
0.297561916402
0.832133563627
0.171566906316
0.126670158442
0.395823801679
0.26380948718
0.257800839944
0.223478546055
