1000
0.269088923099
0.294874308928
0.276954092571
0.583104389402
0.734543573108
0.236377907622
0.926052611466
0.270012121903
0.255456419218
0.153275420671
0.443071807649
0.331153171943
0.252471180439
0.801285326152
0.256027493593
0.309716365291
0.346188294873
0.1898200992
0.388985817056
0.42887072208
0.289881362499
0.259063565889
0.433517680628
0.188072488794
0.713620089706
0.251026658052
0.270682800385
0.199726012511
0.775750998769
0.267252537634
0.222173079051
0.317698785477
0.185900019749
0.319968949305
0.299112020675
0.561826590797
0.291246954793
0.850172819492
0.417363775912
0.29843676177
0.476566703098
0.226076540271
0.22291326291
0.315449312094
0.296024955452
0.462311713526
0.2348138246
0.144565358083
0.357225152858
0.261730714066
0.171549726242
0.232062646893
0.956063651249
0.967576982925
0.828862015507
0.311286923882
0.677856346778
0.244852506466
0.227051177145
0.592414020311
0.966156923438
0.332996412282
0.28680649777
0.539632622704
0.804939386632
0.246903369728
0.909275861294
0.177711899163
0.949754407268
0.237881630279
0.435135178744
0.736839038667
0.996066007246
0.323616486978
0.410888477147
0.299216882696
0.287481663309
0.481711748952
0.335426469574
0.209872476488
0.540754080189
1.0
0.954302469478
1.0
0.89939943525
0.311134846927
0.205313019677
0.208340416285
0.396973255778
0.250658959695
0.572750701177
0.885640886754
0.432545516558
0.542572525247
0.618625555463
0.803899964776
0.819998934481
1.0
0.240112541881
1.0
0.223845330915
0.850032998291
0.293599169145
0.84406318295
0.970978655982
0.152335656861
0.872100668847
0.28510294409
0.292270039497
0.342566067783
0.349357281649
0.943143200066
0.718828186772
0.213010204509
0.604176044803
0.276896587251
0.403153457117
NaN
0.199601567631
0.8350737894
0.24145348413
0.169603071901
0.311724419257
0.2056092138
0.532588370789
0.462406309081
0.440926936973
0.473676876025
0.338841441155
0.985557167902
0.275293550866
0.444362942029
1.0
0.294226869859
0.378646872779
0.717283654736
0.899723293419
0.28261726954
0.636444015406
0.515317036717
0.13845111538
0.240268435417
0.284781470391
0.238382268372
0.280471457947
0.499091516484
0.77981566704
0.311547286614
NaN
0.580715018951
0.593044270289
1.0
0.360130322949
0.987786229267
0.771685178056
0.182335107063
0.952867856871
0.689057453236
0.324764230468
0.834564170687
0.723471164083
0.646749181096
0.756375585642
0.800768079428
0.284696710837
0.999583935219
0.475860324435
0.230318719768
0.243137280149
0.413892645822
0.201539357663
0.954414721795
0.849977191879
0.193960364967
NaN
1.0
0.85334962812
0.340894441771
0.278766084151
0.242498304585
0.242260900015
0.148173101572
0.315723899449
0.841250782316
0.232261663831
0.183992336544
0.44535779122
0.24787634802
0.378664255093
0.682820896048
0.222433783441
0.352624021133
0.194251727643
1.0
0.547083096387
0.384506369802
0.337493387352
0.310915070803
0.243624458276
0.328955958053
1.0
0.184286716565
0.315474693747
0.183838656719
0.275318723405
0.247151431988
0.268429850223
0.234179942514
0.221508707383
0.22979421077
0.262037529778
0.278175611157
0.246987846426
0.637398487895
0.277041210224
0.381778535296
0.487896945019
0.305809599342
0.497898490162
0.237751075797
0.178677101654
0.203804109194
0.347782002814
0.283849267277
0.320486380765
0.582979536289
0.9746142033
0.144186843088
0.628776647061
0.258637775529
0.255556922757
0.393394758127
0.580416446464
0.228511074888
0.183989292844
0.319727612582
0.257394921754
0.403107222922
0.231415908998
0.209007176292
0.318207880515
0.21365723618
0.268835257155
0.15442188921
0.225743336852
0.378873886998
0.209590312897
0.824933937112
0.31769018107
0.224707664841
0.464543869556
0.306502154268
0.182362727166
0.191476249673
0.400584975711
0.359957382889
0.21331583872
0.252824640056
0.478567706723
0.35511874873
0.703822529305
0.196135930573
0.266283071711
0.214380945596
0.227314174858
0.94594494141
0.462871793319
0.285600392853
0.390178759451
0.436806376148
0.262953106045
0.152077107896
0.327841975526
0.22532548877
0.575707462585
0.332673672442
0.6673530925
0.61363112741
0.37333458274
0.232750729165
0.246259758259
0.211971156156
0.558307833975
0.242907347496
0.619029644133
0.163403423688
0.301797214335
0.260024762646
0.171567817948
0.215489429195
0.199913466343
0.257670934103
0.15698002463
0.20896218037
0.27460887697
0.160027877641
0.309816136667
0.233506744275
0.239542195867
0.830001714467
0.275777113442
0.964819946798
1.0
0.620846437976
0.369627477265
0.296815779513
0.23911094857
0.24546945623
0.429701425024
0.904707134861
0.273446974056
0.244406226356
0.552789002782
0.252422382122
0.241092084977
0.289786310543
0.232030669639
0.147506504129
0.337388290392
0.599083174073
0.279524631868
0.982448694619
0.220168431241
0.225093689646
0.316947063347
0.182738440491
0.186284557547
0.288220659966
0.251249723247
0.538892644051
0.292703353838
0.295756281691
0.241141773345
0.228372043073
0.75722363186
0.282470811637
0.168874520015
0.242434737065
0.180878027615
0.890599060823
0.192088325278
0.23245726505
0.426555810561
0.996627297146
0.283005083654
0.204044548257
0.227888706803
0.319183781693
0.238367133338
0.203890667758
1.0
0.21790516159
0.197471275195
0.331389940086
0.606526417903
0.173147088646
0.29599024578
0.212670034266
0.268304306017
0.548950402775
0.172717201096
0.462342933383
0.228099659786
0.413223848949
0.253052707941
0.174850523568
0.365846329395
0.196722724116
0.257990973423
0.192464429585
0.220876615718
0.423597818727
0.530362030795
0.279874252247
0.19842339628
0.354451130617
0.602094514981
0.342380611917
0.246342333417
0.248893692851
0.141303155134
0.274975362945
0.191799958577
0.242739315787
0.507943527826
0.161550928254
0.184338188403
0.244405691977
0.28963493113
0.275979558666
0.267532937705
0.202239382523
0.250708401138
0.223661703112
0.225323090896
0.93066251544
0.326042955036
0.333320491969
0.943131810694
0.202669362554
0.285298102316
0.204631573877
0.243301504215
0.286482373328
0.324855390311
0.425639076638
0.327080666456
0.366165774391
0.249671828142
0.318439837484
0.17066696371
0.946129754096
0.202584352108
0.188962456803
0.175949737963
0.323859722286
0.263259699627
0.275844482935
0.862418164125
0.371655836911
0.210967087721
0.200461568965
0.175012418702
0.278789234103
0.556839348752
0.356656147228
0.239815859638
0.995284223084
0.32334934236
0.28390174665
0.309756384329
0.431023354198
0.322592794826
0.508801776652
0.239187169173
0.400455727742
0.220806321839
0.214958248735
0.22850307279
0.162508687271
0.236512174506
0.896573719703
0.572265300903
0.305174271351
0.195260410141
0.523740911889
0.190098942019
0.638121324844
0.314813838774
0.496663652973
0.312433959924
0.189076897572
0.179840924746
0.268733178173
0.237250383111
0.181689011506
0.477029324456
0.262451892699
0.264722687797
0.390944223709
0.22573898083
0.194166668366
0.303259540732
0.154555021495
0.216884515488
0.239289708703
0.325258038098
0.245793960608
0.365146498624
0.2361705526
0.280881682258
0.280292806179
0.244109736553
0.30122783063
0.279832432439
0.509678703719
0.505282823974
0.355145865596
0.255816123451
0.229465342071
0.180176060769
0.169884116749
0.875765059384
0.312623916849
0.451412383919
0.338976928301
0.253635728397
0.266610597704
0.524839318851
0.393125541438
0.169984046657
0.30767697868
0.46911298081
0.222196831044
0.298573126251
0.400728561666
0.245477944414
0.426465718294
0.437053545126
0.447178257482
0.559178091243
0.268197870876
0.334491247522
0.268685643477
0.465845083536
0.209841576637
0.423212739431
0.481698005108
0.979575133632
0.368187179624
0.193335074442
0.307200424303
0.624001375827
0.323649265156
0.266144108834
0.518114930346
0.438097693446
0.234509774922
0.510124637503
0.225001206799
0.295274234717
0.363823081736
0.510383680362
0.232828458862
0.669104069812
0.246384922688
0.480872463979
0.310056861419
0.255515218216
0.378191254129
0.181704178668
0.226526365402
0.380581344508
0.241763288
0.249804205165
0.340880091434
0.442300069396
0.834510980311
0.269756806421
0.177449484018
0.269258202865
0.413874754451
0.994594925268
0.237477005372
0.991826019106
0.161869345245
0.397629080539
0.469410387089
0.663746748405
0.543945096479
0.407278568036
0.405777441243
0.253916984259
0.172049399655
0.274764499871
0.16445623287
0.216051133292
0.227736027224
0.314054163266
0.249168797509
0.44589959121
0.307570181055
0.234930748437
0.32100955128
0.267759160645
0.354974968999
0.233584224375
0.273442818637
0.632256229483
0.704090491271
0.461684664586
0.193985754247
0.218905512503
0.205282920677
0.280157808651
0.488249655123
0.173917823511
0.980568919176
0.270270997318
0.219903216453
0.261822245258
0.15828254848
0.180913666422
0.943832717234
0.591830261346
0.254512091629
0.232288175752
0.38469391348
0.389656401437
0.315326678054
0.2195495224
1.0
0.402078484413
0.262710156747
0.221479614588
0.278780329875
0.248914544345
0.365055951052
0.216672286668
0.228897018959
0.234559225578
0.26953435593
0.28905712939
0.31157353931
0.248964718988
0.241427685769
0.695525502038
0.19752752919
0.168112431218
0.348165851476
0.342744898851
0.897948170335
0.28739329392
0.194222321178
0.942220300861
0.345057979661
0.309974759578
0.239446127896
0.245481447045
0.273203073178
0.279151194109
0.146323275714
0.179666119751
0.756734561194
0.199341255932
0.390887164223
0.196858012474
0.171924034039
1.0
0.455088674474
0.45569495015
0.183509179632
0.417199767181
0.451974046561
0.255061626191
0.679439043955
0.295186614262
0.308134736834
0.332427459971
0.209118346012
0.277251795999
0.274701667535
0.240136265507
0.551514686409
0.338231005107
0.344223158262
0.419334477839
0.999656238579
0.161911685372
0.507627519586
0.183647062142
0.189746365644
0.258907138774
0.378944550279
0.257282687631
0.554723513779
0.221019572165
0.552733573435
0.205159921383
0.227000242605
0.399637327987
0.504645441541
0.380734436624
0.500968718
0.235255815773
0.324486394731
0.232440073811
0.215785630303
0.34826214348
0.273410912742
0.19852438897
0.824078998228
0.287611035604
0.222990988829
0.761997300002
0.506749558156
0.15627688451
0.739615351592
0.265176594374
0.276780375046
0.350436105448
0.136651277501
0.381677619965
0.209079822542
0.56276052114
0.481653992261
0.191273001646
0.168375901632
0.389114874724
0.185713210407
0.376981597348
0.702052302251
0.306426146651
0.238267271495
0.239916045728
0.380610493353
0.301551212753
0.319518465302
0.286530506325
0.184780121751
0.468561687439
0.260742677371
1.0
0.253960838103
0.232217433648
0.224291627851
0.581317910547
0.262845404789
0.216030809982
0.233548919235
0.497072861849
0.202131017371
0.233204288031
0.470696717351
0.278246120148
0.326480584801
0.934564361968
0.372963736635
0.336377941537
0.642511811812
0.466036629002
0.237841150261
0.588356599369
0.201423033262
0.353759923428
0.229756039764
0.272765207782
0.410891293265
0.656633876371
0.436538377274
0.13912102558
0.359248118064
0.980198839274
0.243787493522
0.412505828213
0.246477729132
0.283073858515
0.188809935789
0.658406829412
0.509327426246
0.392378691168
0.231789190843
0.225830219875
0.245120182521
0.801643270652
0.599860673031
0.728168138249
0.2250594386
0.227203354985
0.19932359762
0.4501618065
0.223929683243
0.161077060598
0.234202447994
0.284993530807
0.160321031784
0.200464824409
0.302229711975
0.570202291456
0.232172236851
0.323822797963
0.15451539871
0.309383141488
0.93684711539
0.207042822289
0.214980158544
0.201784881438
0.247395687791
0.218568164995
0.983314696629
0.88371930197
0.443543466397
0.396339671808
0.335020024793
0.429294464455
0.270708210025
0.256638953802
0.677075146806
0.191612922048
0.232086149518
0.20904035658
0.464802696903
0.241639482595
0.211491516059
0.24607624624
0.219928320547
0.345594817261
0.295990206512
0.192732581796
0.330435479909
0.237744633783
0.805164491509
0.20330216965
0.291385701715
0.34357365844
0.998317543942
0.340716391416
0.383519101006
0.392895236812
0.259905953228
0.213582583651
0.199861852941
0.261676674718
0.240699871538
0.6045220147
0.266201205409
0.449562907979
0.243607884713
0.262119977196
0.270787025329
0.312902817933
0.19599644725
0.299460200013
0.309463795381
0.274252536476
0.212470084978
0.259964440837
0.276725044858
0.310370382536
0.269163490197
0.187856392654
0.196457044682
0.410801011315
0.255019145328
0.267665413604
0.172372210461
0.274001506599
0.306181174614
0.224108767624
0.285711109943
0.950300103099
0.21658276277
0.235955162217
0.280393221685
0.314629926603
0.267510788846
0.374168649291
1.0
0.225145896612
0.377996316699
0.206388415236
0.2696098702
0.960352808216
0.603065380222
0.171754470566
0.469064956159
0.236451291441
0.177518368191
0.215852432925
0.271549511034
0.852423719329
0.30579506246
0.368998337861
0.274881701084
0.215682227475
0.364195363913
0.233843168624
0.239788947517
0.977527697371
0.243475032471
0.264872351721
0.309955560496
0.692737225491
0.332139586375
0.624871238656
1.0
0.285051241458
0.7969945758
0.234634330863
0.324225412884
0.643468634262
0.549267589895
0.379095079499
0.188610833176
0.138760035379
0.237272407145
0.265452729115
0.223284205633
0.470565594734
0.212203378372
0.485607148175
0.601634212012
0.344856996149
0.188450827257
0.666698028835
0.247668650612
0.190356850058
0.389802079443
0.344269160506
0.336076529642
0.384745267644
0.239959220576
0.204841387152
0.220322510888
0.186844168437
0.742118865972
0.278841877523
0.178930484265
0.237397517733
0.813115092848
0.599842336835
0.286381553713
0.321843615081
0.191194694339
0.207901388515
0.167668249115
0.427434767464
0.540179760851
0.319371966441
0.397573915188
0.190453183159
0.177515451443
0.235236037798
0.420781355776
0.204674465037
0.262809093058
0.185172182165
0.192921128261
0.295800456694
0.306863198781
0.496355891454
0.303858951838
0.401636123606
0.232859229502
0.995778529241
0.22432105117
0.148641398443
0.416981165107
0.30109085467
0.344404656898
0.218037528978
0.323047001475
0.324304133605
0.517313376575
0.257104587802
0.393966502803
0.291672311514
0.296057322581
0.185366792136
0.56192788034
0.244868305119
0.269408683378
0.211120201629
0.517525387338
0.296441052303
0.289538794253
0.270213236659
0.290896819125
0.335161077477
0.219216900258
0.302855198862
0.29488110979
0.261032774484
0.288466245722
0.543251201372
0.397311662383
0.329337825657
0.255756541789
0.24283545988
0.202155043947
0.568416708634
0.658156264539
0.962091837648
0.191900315647
0.264465560187
0.976872191867
0.195248831969
0.22436457689
0.262416923901
0.245474640562
0.323726035567
0.278622110596
0.205528133672
0.216893010668
0.237164138486
0.342493125392
0.387310190194
0.516866751074
0.213666335724
0.345155820512
0.240725476771
0.261573662319
0.227939915425
0.245471311717
0.678706100626
0.145354369797
0.432659789225
0.259662539351
0.715274700199
0.177893516985
0.233794660087
0.474388563662
0.296801441912
0.750536382553
0.18357629251
0.210563983258
0.234773757966
0.877484925116
0.171672055408
0.227887340147
